time="2024-11-24T18:55:21+05:00" level=info msg="Starting server..." func="main.main()" file="main.go:24"
time="2024-11-24T18:55:21+05:00" level=info msg="Initializing database..." func="main.main()" file="main.go:26"
time="2024-11-24T18:55:22+05:00" level=info msg="Initializing configuration..." func="main.main()" file="main.go:31"
time="2024-11-24T19:00:32+05:00" level=info msg="Starting server..." func="main.main()" file="main.go:25"
time="2024-11-24T19:00:32+05:00" level=info msg="Initializing database..." func="main.main()" file="main.go:27"
time="2024-11-24T19:00:32+05:00" level=info msg="Initializing configuration..." func="main.main()" file="main.go:32"
time="2024-11-24T19:11:07+05:00" level=info msg="Starting server..." func="main.main()" file="main.go:25"
time="2024-11-24T19:11:07+05:00" level=info msg="Initializing database..." func="main.main()" file="main.go:27"
time="2024-11-24T19:11:07+05:00" level=info msg="Initializing configuration..." func="main.main()" file="main.go:32"
time="2024-11-24T19:11:41+05:00" level=info msg="Starting server..." func="main.main()" file="main.go:25"
time="2024-11-24T19:11:41+05:00" level=info msg="Initializing database..." func="main.main()" file="main.go:27"
time="2024-11-24T19:11:42+05:00" level=info msg="Initializing configuration..." func="main.main()" file="main.go:32"
time="2024-11-24T19:12:25+05:00" level=info msg="Starting server..." func="main.main()" file="main.go:25"
time="2024-11-24T19:12:25+05:00" level=info msg="Initializing database..." func="main.main()" file="main.go:27"
time="2024-11-24T19:12:26+05:00" level=info msg="Initializing configuration..." func="main.main()" file="main.go:32"
time="2024-11-24T19:16:02+05:00" level=info msg="Starting server..." func="main.main()" file="main.go:25"
time="2024-11-24T19:16:02+05:00" level=info msg="Initializing database..." func="main.main()" file="main.go:27"
time="2024-11-24T19:16:03+05:00" level=info msg="Initializing configuration..." func="main.main()" file="main.go:32"
time="2024-11-24T19:17:42+05:00" level=info msg="Starting server..." func="main.main()" file="main.go:25"
time="2024-11-24T19:17:42+05:00" level=info msg="Initializing database..." func="main.main()" file="main.go:27"
time="2024-11-24T19:17:43+05:00" level=info msg="Initializing configuration..." func="main.main()" file="main.go:32"
time="2024-11-24T19:20:45+05:00" level=info msg="Starting server..." func="main.main()" file="main.go:25"
time="2024-11-24T19:20:45+05:00" level=info msg="Initializing database..." func="main.main()" file="main.go:27"
time="2024-11-24T19:20:46+05:00" level=info msg="Initializing configuration..." func="main.main()" file="main.go:32"
time="2024-11-24T19:22:25+05:00" level=info msg="Starting server..." func="main.main()" file="main.go:25"
time="2024-11-24T19:22:25+05:00" level=info msg="Initializing database..." func="main.main()" file="main.go:27"
time="2024-11-24T19:22:25+05:00" level=info msg="Initializing configuration..." func="main.main()" file="main.go:32"
time="2024-11-24T19:23:38+05:00" level=info msg="Starting server..." func="main.main()" file="main.go:25"
time="2024-11-24T19:23:38+05:00" level=info msg="Initializing database..." func="main.main()" file="main.go:27"
time="2024-11-24T19:23:39+05:00" level=info msg="Initializing configuration..." func="main.main()" file="main.go:32"
time="2024-11-24T19:23:39+05:00" level=info msg="Fetched all tasks successfully" func="main.GetAllTasks()" file="tasks.go:69" task_count=0 user_id=1
time="2024-11-24T19:26:06+05:00" level=info msg="Starting server..." func="main.main()" file="main.go:25"
time="2024-11-24T19:26:06+05:00" level=info msg="Initializing database..." func="main.main()" file="main.go:27"
time="2024-11-24T19:26:06+05:00" level=info msg="Initializing configuration..." func="main.main()" file="main.go:32"
time="2024-11-24T19:26:10+05:00" level=info msg="Applied security headers" func="main.main.SecurityHeadersMiddleware.func15()" file="middleware.go:22" path=/api/tasks
time="2024-11-24T19:26:10+05:00" level=info msg="User operating in individual mode" func="main.main.ModeMiddleware.func6()" file="middleware.go:126" user_id=1
time="2024-11-24T19:26:10+05:00" level=info msg="Fetched all tasks successfully" func="main.GetAllTasks()" file="tasks.go:69" task_count=0 user_id=1
time="2024-11-24T19:26:10+05:00" level=info msg="Request completed" func="main.RequestLoggingMiddleware.func1()" file="middleware.go:91" duration=0 method=GET path=/api/tasks status=200
time="2024-11-24T19:26:32+05:00" level=info msg="Applied security headers" func="main.main.SecurityHeadersMiddleware.func15()" file="middleware.go:22" path=/login
time="2024-11-24T19:26:32+05:00" level=info msg="Request completed" func="main.RequestLoggingMiddleware.func1()" file="middleware.go:91" duration=55 method=POST path=/login status=401
time="2024-11-24T19:27:12+05:00" level=info msg="Starting server..." func="main.main()" file="main.go:25"
time="2024-11-24T19:27:12+05:00" level=info msg="Initializing database..." func="main.main()" file="main.go:27"
time="2024-11-24T19:27:13+05:00" level=info msg="Initializing configuration..." func="main.main()" file="main.go:32"
time="2024-11-24T19:27:20+05:00" level=info msg="Request completed" func="main.RequestLoggingMiddleware.func1()" file="middleware.go:91" duration=57 method=POST path=/login status=200
time="2024-11-24T19:36:55+05:00" level=info msg="Starting server..." func="main.main()" file="main.go:26"
time="2024-11-24T19:36:55+05:00" level=info msg="Initializing database..." func="main.main()" file="main.go:28"
time="2024-11-24T19:36:56+05:00" level=info msg="Initializing configuration..." func="main.main()" file="main.go:33"
time="2024-11-24T19:37:09+05:00" level=info msg="Request completed" func="main.RequestLoggingMiddleware.func1()" file="middleware.go:102" duration=1 method=GET path=/metrics status=200
time="2024-11-24T21:09:32+05:00" level=info msg="Starting server..." func="main.main()" file="main.go:26"
time="2024-11-24T21:09:32+05:00" level=info msg="Initializing database..." func="main.main()" file="main.go:28"
time="2024-11-24T21:10:11+05:00" level=info msg="Starting server..." func="main.main()" file="main.go:26"
time="2024-11-24T21:10:11+05:00" level=info msg="Initializing database..." func="main.main()" file="main.go:28"
time="2024-11-24T21:10:29+05:00" level=info msg="Starting server..." func="main.main()" file="main.go:26"
time="2024-11-24T21:10:29+05:00" level=info msg="Initializing database..." func="main.main()" file="main.go:28"
